2022-09-25 20:48:24,580 INFO: Scrapy 2.6.2 started (bot: ecommercecrawl)
2022-09-25 20:48:24,597 INFO: Versions: lxml 4.9.1.0, libxml2 2.9.14, cssselect 1.1.0, parsel 1.6.0, w3lib 2.0.1, Twisted 22.8.0, Python 3.9.13 (main, Aug  7 2022, 01:33:23) - [Clang 13.1.6 (clang-1316.0.21.2.5)], pyOpenSSL 22.0.0 (OpenSSL 3.0.5 5 Jul 2022), cryptography 38.0.1, Platform macOS-12.4-x86_64-i386-64bit
2022-09-25 20:48:24,607 INFO: Overridden settings:
{'BOT_NAME': 'ecommercecrawl',
 'COOKIES_ENABLED': False,
 'DUPEFILTER_CLASS': 'scrapy.dupefilters.BaseDupeFilter',
 'LOGSTATS_INTERVAL': 0,
 'NEWSPIDER_MODULE': 'ecommercecrawl.spiders',
 'ROBOTSTXT_OBEY': True,
 'SPIDER_MODULES': ['ecommercecrawl.spiders']}
2022-09-25 20:48:24,614 DEBUG: Using reactor: twisted.internet.selectreactor.SelectReactor
2022-09-25 20:48:24,641 INFO: Telnet Password: 435a4b7bb530ee30
2022-09-25 20:48:24,664 INFO: Enabled extensions:
['scrapy.extensions.corestats.CoreStats',
 'scrapy.extensions.telnet.TelnetConsole',
 'scrapy.extensions.memusage.MemoryUsage']
2022-09-25 20:48:25,065 WARNING: [UnsupportedBrowserType] Family: Android
2022-09-25 20:48:25,125 WARNING: [UnsupportedDeviceType] Family: Other, Brand: None, Model: None
2022-09-25 20:48:25,177 WARNING: [UnsupportedDeviceType] Family: Other, Brand: None, Model: None
2022-09-25 20:48:25,271 WARNING: [UnsupportedDeviceType] Family: Other, Brand: None, Model: None
2022-09-25 20:48:25,417 WARNING: [UnsupportedDeviceType] Family: Sony BDV13, Brand: Sony, Model: BDV13
2022-09-25 20:48:25,421 WARNING: [UnsupportedDeviceType] Family: Nintendo DSi, Brand: Nintendo, Model: DSi
2022-09-25 20:48:25,435 WARNING: [UnsupportedDeviceType] Family: Other, Brand: None, Model: None
2022-09-25 20:48:25,471 WARNING: [UnsupportedBrowserType] Family: Other
2022-09-25 20:48:25,492 WARNING: [UnsupportedDeviceType] Family: LYF F90M, Brand: LYF, Model: F90M
2022-09-25 20:48:25,517 WARNING: [UnsupportedDeviceType] Family: Sony BDV14, Brand: Sony, Model: BDV14
2022-09-25 20:48:25,624 WARNING: [UnsupportedDeviceType] Family: LG Web0S SmartTV, Brand: LG, Model: Web0S SmartTV
2022-09-25 20:48:25,670 WARNING: [UnsupportedDeviceType] Family: Other, Brand: None, Model: None
2022-09-25 20:48:25,781 WARNING: [UnsupportedDeviceType] Family: Other, Brand: None, Model: None
2022-09-25 20:48:25,793 WARNING: [UnsupportedDeviceType] Family: Other, Brand: None, Model: None
2022-09-25 20:48:25,798 WARNING: [UnsupportedDeviceType] Family: Other, Brand: None, Model: None
2022-09-25 20:48:25,901 WARNING: [UnsupportedDeviceType] Family: Other, Brand: None, Model: None
2022-09-25 20:48:25,908 WARNING: [UnsupportedDeviceType] Family: Other, Brand: None, Model: None
2022-09-25 20:48:25,985 WARNING: [UnsupportedDeviceType] Family: Other, Brand: None, Model: None
2022-09-25 20:48:25,991 WARNING: [UnsupportedDeviceType] Family: Sony BDV11, Brand: Sony, Model: BDV11
2022-09-25 20:48:26,000 WARNING: [UnsupportedDeviceType] Family: Other, Brand: None, Model: None
2022-09-25 20:48:26,014 WARNING: [UnsupportedDeviceType] Family: Other, Brand: None, Model: None
2022-09-25 20:48:26,025 WARNING: [UnsupportedDeviceType] Family: Other, Brand: None, Model: None
2022-09-25 20:48:26,045 WARNING: [UnsupportedDeviceType] Family: Other, Brand: None, Model: None
2022-09-25 20:48:26,079 WARNING: [UnsupportedDeviceType] Family: Nintendo DSi, Brand: Nintendo, Model: DSi
2022-09-25 20:48:26,155 WARNING: [UnsupportedDeviceType] Family: LYF LF-2403N, Brand: LYF, Model: LF-2403N
2022-09-25 20:48:26,162 WARNING: [UnsupportedDeviceType] Family: LYF F90M, Brand: LYF, Model: F90M
2022-09-25 20:48:26,289 WARNING: [UnsupportedDeviceType] Family: Other, Brand: None, Model: None
2022-09-25 20:48:26,300 WARNING: [UnsupportedDeviceType] Family: Other, Brand: None, Model: None
2022-09-25 20:48:26,444 WARNING: [UnsupportedBrowserType] Family: Applebot
2022-09-25 20:48:26,470 WARNING: [UnsupportedDeviceType] Family: Other, Brand: None, Model: None
2022-09-25 20:48:26,568 WARNING: [UnsupportedBrowserType] Family: Applebot
2022-09-25 20:48:26,631 WARNING: [UnsupportedBrowserType] Family: Other
2022-09-25 20:48:26,755 WARNING: [UnsupportedBrowserType] Family: Other
2022-09-25 20:48:26,796 WARNING: [UnsupportedBrowserType] Family: PhantomJS
2022-09-25 20:48:26,799 WARNING: [UnsupportedBrowserType] Family: SMTBot
2022-09-25 20:48:26,880 WARNING: [UnsupportedBrowserType] Family: PhantomJS
2022-09-25 20:48:26,889 WARNING: [UnsupportedBrowserType] Family: PhantomJS
2022-09-25 20:48:26,942 WARNING: [UnsupportedBrowserType] Family: WebKit Nightly
2022-09-25 20:48:27,051 WARNING: [UnsupportedBrowserType] Family: PhantomJS
2022-09-25 20:48:27,059 WARNING: [UnsupportedDeviceType] Family: Other, Brand: None, Model: None
2022-09-25 20:48:27,218 WARNING: [UnsupportedBrowserType] Family: PhantomJS
2022-09-25 20:48:27,221 WARNING: [UnsupportedBrowserType] Family: PhantomJS
2022-09-25 20:48:27,223 WARNING: [UnsupportedBrowserType] Family: Robot
2022-09-25 20:48:27,235 WARNING: [UnsupportedDeviceType] Family: Other, Brand: None, Model: None
2022-09-25 20:48:27,344 WARNING: [UnsupportedBrowserType] Family: Zune
2022-09-25 20:48:27,453 INFO: Enabled downloader middlewares:
['scrapy.downloadermiddlewares.robotstxt.RobotsTxtMiddleware',
 'scrapy.downloadermiddlewares.httpauth.HttpAuthMiddleware',
 'scrapy.downloadermiddlewares.downloadtimeout.DownloadTimeoutMiddleware',
 'scrapy.downloadermiddlewares.defaultheaders.DefaultHeadersMiddleware',
 'scrapy_user_agents.middlewares.RandomUserAgentMiddleware',
 'scrapy.downloadermiddlewares.retry.RetryMiddleware',
 'scrapy.downloadermiddlewares.redirect.MetaRefreshMiddleware',
 'scrapy.downloadermiddlewares.httpcompression.HttpCompressionMiddleware',
 'scrapy.downloadermiddlewares.redirect.RedirectMiddleware',
 'scrapy.downloadermiddlewares.httpproxy.HttpProxyMiddleware',
 'scrapy.downloadermiddlewares.stats.DownloaderStats']
2022-09-25 20:48:27,457 INFO: Enabled spider middlewares:
['scrapy.spidermiddlewares.httperror.HttpErrorMiddleware',
 'scrapy.spidermiddlewares.offsite.OffsiteMiddleware',
 'scrapy.spidermiddlewares.referer.RefererMiddleware',
 'scrapy.spidermiddlewares.urllength.UrlLengthMiddleware',
 'scrapy.spidermiddlewares.depth.DepthMiddleware']
2022-09-25 20:48:27,459 INFO: Enabled item pipelines:
['ecommercecrawl.pipelines.EcommercecrawlPipeline']
2022-09-25 20:48:27,460 INFO: Telnet console listening on 127.0.0.1:6023
2022-09-25 20:48:27,461 INFO: Spider opened
2022-09-25 20:48:27,604 DEBUG: Assigned User-Agent Mozilla/5.0 (Windows NT 10.0; WOW64) AppleWebKit/537.36 (KHTML, like Gecko) Chrome/63.0.3239.132 Safari/537.36
2022-09-25 20:48:27,742 DEBUG: Crawled (200) <GET https://www.ounass.ae/robots.txt> (referer: None)
2022-09-25 20:48:27,743 DEBUG: Assigned User-Agent Mozilla/5.0 (Windows NT 6.3; WOW64) AppleWebKit/537.36 (KHTML, like Gecko) Chrome/49.0.2623.110 Safari/537.36
2022-09-25 20:48:27,872 DEBUG: Crawled (200) <GET https://www.ounass.ae/shop-rajdeep-ranawat-printed-jalabiya-in-voile-for-women-215736350_179.html> (referer: None)
