2025-10-30 11:58:36 [scrapy.utils.log] INFO: Scrapy 2.13.3 started (bot: ecommercecrawl)
2025-10-30 11:58:36 [scrapy.utils.log] INFO: Versions:
{'lxml': '4.9.1',
 'libxml2': '2.9.13',
 'cssselect': '1.1.0',
 'parsel': '1.6.0',
 'w3lib': '2.0.1',
 'Twisted': '25.5.0',
 'Python': '3.11.9 (main, Sep 10 2025, 16:25:31) [Clang 17.0.0 '
           '(clang-1700.0.13.5)]',
 'pyOpenSSL': '22.0.0 (OpenSSL 3.0.5 5 Jul 2022)',
 'cryptography': '38.0.1',
 'Platform': 'macOS-15.7.1-arm64-arm-64bit'}
2025-10-30 11:58:36 [scrapy.addons] INFO: Enabled addons:
[]
2025-10-30 11:58:36 [scrapy.extensions.telnet] INFO: Telnet Password: 259d349ea54fab1b
2025-10-30 11:58:36 [scrapy.middleware] INFO: Enabled extensions:
['scrapy.extensions.corestats.CoreStats',
 'scrapy.extensions.telnet.TelnetConsole',
 'scrapy.extensions.memusage.MemoryUsage',
 'scrapy.extensions.logstats.LogStats',
 'scrapy.extensions.throttle.AutoThrottle']
2025-10-30 11:58:36 [scrapy.crawler] INFO: Overridden settings:
{'AUTOTHROTTLE_ENABLED': True,
 'AUTOTHROTTLE_MAX_DELAY': 8,
 'AUTOTHROTTLE_START_DELAY': 0.25,
 'AUTOTHROTTLE_TARGET_CONCURRENCY': 1.5,
 'BOT_NAME': 'ecommercecrawl',
 'CONCURRENT_REQUESTS_PER_DOMAIN': 128,
 'CONCURRENT_REQUESTS_PER_IP': 8,
 'DOWNLOAD_TIMEOUT': 25,
 'LOG_FILE': 'logs/scrapy.log',
 'LOG_LEVEL': 'INFO',
 'NEWSPIDER_MODULE': 'ecommercecrawl.spiders',
 'RANDOMIZE_DOWNLOAD_DELAY': False,
 'REACTOR_THREADPOOL_MAXSIZE': 20,
 'RETRY_HTTP_CODES': [429, 500, 502, 503, 504, 522, 524, 408],
 'RETRY_TIMES': 5,
 'SPIDER_MODULES': ['ecommercecrawl.spiders']}
2025-10-30 11:58:36 [scrapy.middleware] INFO: Enabled downloader middlewares:
['scrapy.downloadermiddlewares.offsite.OffsiteMiddleware',
 'scrapy.downloadermiddlewares.httpauth.HttpAuthMiddleware',
 'scrapy.downloadermiddlewares.downloadtimeout.DownloadTimeoutMiddleware',
 'scrapy.downloadermiddlewares.defaultheaders.DefaultHeadersMiddleware',
 'scrapy.downloadermiddlewares.useragent.UserAgentMiddleware',
 'scrapy.downloadermiddlewares.retry.RetryMiddleware',
 'ecommercecrawl.middlewares.RetryAfterMiddleware',
 'scrapy.downloadermiddlewares.redirect.MetaRefreshMiddleware',
 'scrapy.downloadermiddlewares.httpcompression.HttpCompressionMiddleware',
 'scrapy.downloadermiddlewares.redirect.RedirectMiddleware',
 'scrapy.downloadermiddlewares.cookies.CookiesMiddleware',
 'scrapy.downloadermiddlewares.httpproxy.HttpProxyMiddleware',
 'scrapy.downloadermiddlewares.stats.DownloaderStats']
2025-10-30 11:58:36 [scrapy.middleware] INFO: Enabled spider middlewares:
['scrapy.spidermiddlewares.start.StartSpiderMiddleware',
 'scrapy.spidermiddlewares.httperror.HttpErrorMiddleware',
 'scrapy.spidermiddlewares.referer.RefererMiddleware',
 'scrapy.spidermiddlewares.urllength.UrlLengthMiddleware',
 'scrapy.spidermiddlewares.depth.DepthMiddleware']
2025-10-30 11:58:36 [scrapy.middleware] INFO: Enabled item pipelines:
['ecommercecrawl.pipelines.JsonlWriterPipeline',
 'ecommercecrawl.pipelines.EcommercecrawlPipeline',
 'ecommercecrawl.pipelines.PostCrawlPipeline']
2025-10-30 11:58:36 [scrapy.core.engine] INFO: Spider opened
2025-10-30 11:58:36 [py.warnings] WARNING: /Users/bytedance/Library/CloudStorage/OneDrive-Bytedance/Desktop/de/ecommerce-scraper/.venv/lib/python3.11/site-packages/scrapy/core/spidermw.py:433: ScrapyDeprecationWarning: ecommercecrawl.spiders.farfetch_crawl.FFSpider defines the deprecated start_requests() method. start_requests() has been deprecated in favor of a new method, start(), to support asynchronous code execution. start_requests() will stop being called in a future version of Scrapy. If you use Scrapy 2.13 or higher only, replace start_requests() with start(); note that start() is a coroutine (async def). If you need to maintain compatibility with lower Scrapy versions, when overriding start_requests() in a spider class, override start() as well; you can use super() to reuse the inherited start() implementation without copy-pasting. See the release notes of Scrapy 2.13 for details: https://docs.scrapy.org/en/2.13/news.html
  warn(

2025-10-30 11:58:36 [scrapy.extensions.logstats] INFO: Crawled 0 pages (at 0 pages/min), scraped 0 items (at 0 items/min)
2025-10-30 11:58:36 [scrapy.extensions.telnet] INFO: Telnet console listening on 127.0.0.1:6023
2025-10-30 11:58:54 [farfetch] INFO: Retryable error 429 on https://www.farfetch.com/ae/shopping/women/a-bathing-ape-neon-graphic-skateboard-item-31721376.aspx; waiting 1s before retry
2025-10-30 11:58:55 [farfetch] INFO: Retryable error 429 on https://www.farfetch.com/ae/shopping/women/a-bathing-ape-mad-general-graphic-tee-item-30855172.aspx; waiting 1s before retry
2025-10-30 11:58:55 [farfetch] INFO: Retryable error 429 on https://www.farfetch.com/ae/shopping/women/bape/items.aspx?page=3; waiting 1s before retry
2025-10-30 11:59:04 [farfetch] INFO: Retryable error 429 on https://www.farfetch.com/ae/shopping/women/a-bathing-ape-star-patch-suede-trainers-item-31023384.aspx; waiting 1s before retry
2025-10-30 11:59:12 [farfetch] INFO: Retryable error 429 on https://www.farfetch.com/ae/shopping/women/a-bathing-ape-bape-sta-4-m1-purple-sneakers-item-19456032.aspx; waiting 1s before retry
2025-10-30 11:59:19 [farfetch] INFO: Retryable error 429 on https://www.farfetch.com/ae/shopping/women/a-bathing-ape-logo-t-shirt-item-29861466.aspx; waiting 1s before retry
2025-10-30 11:59:27 [farfetch] INFO: Retryable error 429 on https://www.farfetch.com/ae/shopping/women/a-bathing-ape-ape-head-t-shirt-item-31883992.aspx; waiting 1s before retry
2025-10-30 11:59:36 [scrapy.extensions.logstats] INFO: Crawled 7 pages (at 7 pages/min), scraped 4 items (at 4 items/min)
2025-10-30 11:59:42 [farfetch] INFO: Retryable error 429 on https://www.farfetch.com/ae/shopping/women/a-bathing-ape-sta-3-sneakers-item-27518367.aspx; waiting 1s before retry
2025-10-30 12:00:10 [farfetch] INFO: Retryable error 429 on https://www.farfetch.com/ae/shopping/women/a-bathing-ape-ape-head-t-shirt-item-30855144.aspx; waiting 1s before retry
2025-10-30 12:00:16 [farfetch] INFO: Retryable error 429 on https://www.farfetch.com/ae/shopping/women/a-bathing-ape-x-swarovski-rhinestone-ape-head-mesh-cap-item-30906412.aspx; waiting 1s before retry
2025-10-30 12:00:36 [scrapy.extensions.logstats] INFO: Crawled 12 pages (at 5 pages/min), scraped 9 items (at 5 items/min)
2025-10-30 12:00:37 [farfetch] INFO: Retryable error 429 on https://www.farfetch.com/ae/shopping/women/a-bathing-ape-logo-embroidered-t-shirt-item-31610005.aspx; waiting 1s before retry
2025-10-30 12:00:44 [farfetch] INFO: Retryable error 429 on https://www.farfetch.com/ae/shopping/women/a-bathing-ape-shark-face-t-shirt-item-30571583.aspx; waiting 1s before retry
2025-10-30 12:01:03 [farfetch] INFO: Retryable error 429 on https://www.farfetch.com/ae/shopping/women/a-bathing-ape-graphic-print-t-shirt-item-31883939.aspx; waiting 1s before retry
2025-10-30 12:01:09 [farfetch] INFO: Retryable error 429 on https://www.farfetch.com/ae/shopping/women/a-bathing-ape-kangaroo-pocket-hoodie-item-31583068.aspx; waiting 1s before retry
2025-10-30 12:01:16 [farfetch] INFO: Retryable error 429 on https://www.farfetch.com/ae/shopping/women/a-bathing-ape-embroidered-ribbed-beanie-item-31020961.aspx; waiting 1s before retry
2025-10-30 12:01:31 [farfetch] INFO: Retryable error 429 on https://www.farfetch.com/ae/shopping/women/a-bathing-ape-logo-knit-cap-item-31024776.aspx; waiting 1s before retry
2025-10-30 12:01:36 [scrapy.extensions.logstats] INFO: Crawled 15 pages (at 3 pages/min), scraped 12 items (at 3 items/min)
2025-10-30 12:01:45 [farfetch] INFO: Retryable error 429 on https://www.farfetch.com/ae/shopping/women/a-bathing-ape-ribbed-knit-logo-beanie-item-31021647.aspx; waiting 1s before retry
2025-10-30 12:01:50 [farfetch] INFO: Retryable error 429 on https://www.farfetch.com/ae/shopping/women/a-bathing-ape-sta-icon-patent-leather-low-top-sneakers-item-30922194.aspx; waiting 1s before retry
2025-10-30 12:02:06 [farfetch] INFO: Retryable error 429 on https://www.farfetch.com/ae/shopping/women/a-bathing-ape-camouflage-wallet-item-32201168.aspx; waiting 1s before retry
2025-10-30 12:02:12 [farfetch] INFO: Retryable error 429 on https://www.farfetch.com/ae/shopping/women/a-bathing-ape-bape-sk8-sta-4-sneakers-item-30921981.aspx; waiting 1s before retry
2025-10-30 12:02:21 [farfetch] INFO: Retryable error 429 on https://www.farfetch.com/ae/shopping/women/a-bathing-ape-1st-camo-twin-star-nyc-t-shirt-item-32504617.aspx; waiting 1s before retry
2025-10-30 12:02:27 [farfetch] INFO: Retryable error 429 on https://www.farfetch.com/ae/shopping/women/a-bathing-ape-bape-sta-sneakers-item-30922077.aspx; waiting 1s before retry
2025-10-30 12:02:35 [farfetch] INFO: Retryable error 429 on https://www.farfetch.com/ae/shopping/women/a-bathing-ape-logo-embroidered-shoulder-bag-item-32424063.aspx; waiting 1s before retry
2025-10-30 12:02:36 [scrapy.extensions.logstats] INFO: Crawled 17 pages (at 2 pages/min), scraped 14 items (at 2 items/min)
2025-10-30 12:02:41 [farfetch] INFO: Retryable error 429 on https://www.farfetch.com/ae/shopping/women/a-bathing-ape-bape-sta-sneakers-item-31123772.aspx; waiting 1s before retry
2025-10-30 12:02:49 [farfetch] INFO: Retryable error 429 on https://www.farfetch.com/ae/shopping/women/a-bathing-ape-graphic-logo-t-shirt-item-29939295.aspx; waiting 1s before retry
2025-10-30 12:03:04 [farfetch] INFO: Retryable error 429 on https://www.farfetch.com/ae/shopping/women/a-bathing-ape-star-patch-sneakers-item-31094979.aspx; waiting 1s before retry
2025-10-30 12:03:07 [scrapy.crawler] INFO: Received SIGINT, shutting down gracefully. Send again to force 
2025-10-30 12:03:07 [scrapy.core.engine] INFO: Closing spider (shutdown)
2025-10-30 12:03:19 [farfetch] INFO: Retryable error 429 on https://www.farfetch.com/ae/shopping/women/a-bathing-ape-camo-print-pottery-mug-item-31562616.aspx; waiting 1s before retry
2025-10-30 12:03:26 [farfetch] INFO: Retryable error 429 on https://www.farfetch.com/ae/shopping/women/a-bathing-ape-bape-sta-3-leather-sneakers-item-30923031.aspx; waiting 1s before retry
2025-10-30 12:03:36 [scrapy.extensions.logstats] INFO: Crawled 20 pages (at 3 pages/min), scraped 17 items (at 3 items/min)
2025-10-30 12:04:36 [scrapy.extensions.logstats] INFO: Crawled 29 pages (at 9 pages/min), scraped 26 items (at 9 items/min)
2025-10-30 12:04:53 [farfetch] INFO: Saved 3 samples to output/2025/10/30/2025-10-30T07-58-36-527/sample_farfetch.jsonl
2025-10-30 12:04:53 [farfetch] INFO: Gzipped output file to output/2025/10/30/2025-10-30T07-58-36-527/farfetch.jsonl.gz
2025-10-30 12:04:53 [farfetch] INFO: Removed original output file: output/2025/10/30/2025-10-30T07-58-36-527/farfetch.jsonl
2025-10-30 12:04:53 [farfetch] INFO: Manifest file created at: output/2025/10/30/2025-10-30T07-58-36-527/manifest.json
2025-10-30 12:04:53 [scrapy.statscollectors] INFO: Dumping Scrapy stats:
{'downloader/request_bytes': 186299,
 'downloader/request_count': 60,
 'downloader/request_method_count/GET': 60,
 'downloader/response_bytes': 3156030,
 'downloader/response_count': 60,
 'downloader/response_status_count/200': 32,
 'downloader/response_status_count/429': 28,
 'dupefilter/filtered': 29,
 'elapsed_time_seconds': 377.377043,
 'finish_reason': 'shutdown',
 'finish_time': datetime.datetime(2025, 10, 30, 8, 4, 53, 994585, tzinfo=datetime.timezone.utc),
 'httpcompression/response_bytes': 19014846,
 'httpcompression/response_count': 32,
 'item_scraped_count': 29,
 'items_per_minute': 4.615384615384616,
 'log_count/INFO': 49,
 'log_count/WARNING': 1,
 'memusage/max': 138199040,
 'memusage/startup': 64421888,
 'request_depth_max': 2,
 'response_received_count': 32,
 'responses_per_minute': 5.092838196286472,
 'retry/count': 28,
 'retry/reason_count/429 Unknown Status': 28,
 'scheduler/dequeued': 60,
 'scheduler/dequeued/memory': 60,
 'scheduler/enqueued': 199,
 'scheduler/enqueued/memory': 199,
 'start_time': datetime.datetime(2025, 10, 30, 7, 58, 36, 617542, tzinfo=datetime.timezone.utc)}
2025-10-30 12:04:53 [scrapy.core.engine] INFO: Spider closed (shutdown)
